<?xml version="1.0" encoding="UTF-8"?>
<!-- Generated by org.testng.reporters.JUnitXMLReporter -->
<testsuite ignored="0" hostname="WhitePearl" failures="0" tests="4" name="Surefire test" time="35.971" errors="0" timestamp="2023-08-10T02:41:20 IST">
  <testcase classname="com.webauto.test.GoogleSearchTest" name="testGoogleSearchNeg" time="11.454"/>
  <testcase classname="com.webauto.test.GoogleSearchTest" name="testGoogleSearchNeg" time="8.559"/>
  <testcase classname="com.webauto.test.GoogleSearchTest" name="testGoogleSearchPos" time="3.468"/>
  <testcase classname="com.webauto.test.GoogleSearchTest" name="testGoogleSearchPos" time="8.574"/>
</testsuite> <!-- Surefire test -->
