<?xml version="1.0" encoding="UTF-8"?>
<!-- Generated by org.testng.reporters.JUnitXMLReporter -->
<testsuite ignored="0" hostname="WhitePearl" failures="0" tests="4" name="Test" time="32.149" errors="0" timestamp="2023-08-07T17:25:10 IST">
  <testcase classname="com.webauto.test.GoogleSearchTest" name="testGoogleSearchNeg" time="6.538"/>
  <testcase classname="com.webauto.test.GoogleSearchTest" name="testGoogleSearchPos" time="3.769"/>
  <testcase classname="com.webauto.test.GoogleSearchTestAllure" name="testGoogleSearchNeg" time="8.97"/>
  <testcase classname="com.webauto.test.GoogleSearchTestAllure" name="testGoogleSearchPos" time="4.628"/>
</testsuite> <!-- Test -->
