<?xml version="1.0" encoding="UTF-8"?>
<!-- Generated by org.testng.reporters.JUnitXMLReporter -->
<testsuite ignored="0" hostname="WhitePearl" failures="0" tests="4" name="Command line test" time="29.106" errors="0" timestamp="2023-08-10T00:55:48 IST">
  <testcase classname="com.webauto.test.GoogleSearchTest" name="testGoogleSearchNeg" time="7.307"/>
  <testcase classname="com.webauto.test.GoogleSearchTest" name="testGoogleSearchNeg" time="7.737"/>
  <testcase classname="com.webauto.test.GoogleSearchTest" name="testGoogleSearchPos" time="3.929"/>
  <testcase classname="com.webauto.test.GoogleSearchTest" name="testGoogleSearchPos" time="5.497"/>
</testsuite> <!-- Command line test -->
