<?xml version="1.0" encoding="UTF-8"?>
<!-- Generated by org.testng.reporters.JUnitXMLReporter -->
<testsuite ignored="0" hostname="WhitePearl" failures="1" tests="1" name="Command line test" time="16.097" errors="0" timestamp="2023-08-07T02:01:23 IST">
  <testcase classname="com.webauto.test.GoogleSearchTest" name="testGoogleSearch" time="9.688">
    <failure type="java.lang.AssertionError" message="expected [true] but found [false]">
      <![CDATA[java.lang.AssertionError: expected [true] but found [false]
at com.webauto.test.GoogleSearchTest.testGoogleSearch(GoogleSearchTest.java:44)
at java.base/java.util.ArrayList.forEach(ArrayList.java:1511)
... Removed 40 stack frames]]>
    </failure>
  </testcase> <!-- testGoogleSearch -->
</testsuite> <!-- Command line test -->
