<?xml version="1.0" encoding="UTF-8"?>
<!-- Generated by org.testng.reporters.JUnitXMLReporter -->
<testsuite ignored="0" hostname="WhitePearl" failures="0" tests="8" name="Test" time="47.36" errors="0" timestamp="2023-08-16T02:14:56 IST">
  <testcase classname="com.webauto.test.GoogleSearchTest" name="testGoogleSearchNeg" time="6.459"/>
  <testcase classname="com.webauto.test.GoogleSearchTest" name="testGoogleSearchNeg" time="6.72"/>
  <testcase classname="com.webauto.test.GoogleSearchTest" name="testGoogleSearchPos" time="2.727"/>
  <testcase classname="com.webauto.test.GoogleSearchTest" name="testGoogleSearchPos" time="6.713"/>
  <testcase classname="com.webauto.test.GoogleSearchTestAllure" name="testGoogleSearchNeg" time="5.992"/>
  <testcase classname="com.webauto.test.GoogleSearchTestAllure" name="testGoogleSearchNeg" time="5.365"/>
  <testcase classname="com.webauto.test.GoogleSearchTestAllure" name="testGoogleSearchPos" time="2.513"/>
  <testcase classname="com.webauto.test.GoogleSearchTestAllure" name="testGoogleSearchPos" time="4.073"/>
</testsuite> <!-- Test -->
