<?xml version="1.0" encoding="UTF-8"?>
<testng-results ignored="0" total="8" passed="8" failed="0" skipped="0">
  <reporter-output>
  </reporter-output>
  <suite started-at="2023-08-14T14:46:41 IST" name="Suite" finished-at="2023-08-14T14:47:37 IST" duration-ms="55412">
    <groups>
    </groups>
    <test started-at="2023-08-14T14:46:41 IST" name="Test" finished-at="2023-08-14T14:47:37 IST" duration-ms="55412">
      <class name="com.webauto.test.GoogleSearchTestAllure">
        <test-method is-config="true" signature="setUp()[pri:0, instance:com.webauto.test.GoogleSearchTestAllure@42e22a53]" started-at="2023-08-14T14:47:08 IST" name="setUp" finished-at="2023-08-14T14:47:10 IST" duration-ms="1985" status="PASS">
          <reporter-output>
          </reporter-output>
        </test-method> <!-- setUp -->
        <test-method signature="testGoogleSearchNeg(java.lang.String,java.lang.String,java.lang.String)[pri:1, instance:com.webauto.test.GoogleSearchTestAllure@42e22a53]" started-at="2023-08-14T14:47:10 IST" name="testGoogleSearchNeg" data-provider="testData" finished-at="2023-08-14T14:47:19 IST" duration-ms="9276" status="PASS">
          <params>
            <param index="0">
              <value>
                <![CDATA[raja]]>
              </value>
            </param>
            <param index="1">
              <value>
                <![CDATA[raja]]>
              </value>
            </param>
            <param index="2">
              <value>
                <![CDATA[Katalon Studio]]>
              </value>
            </param>
          </params>
          <reporter-output>
          </reporter-output>
        </test-method> <!-- testGoogleSearchNeg -->
        <test-method is-config="true" signature="tearDown(org.testng.ITestResult)[pri:0, instance:com.webauto.test.GoogleSearchTestAllure@42e22a53]" started-at="2023-08-14T14:47:19 IST" name="tearDown" finished-at="2023-08-14T14:47:19 IST" duration-ms="1" status="PASS">
          <params>
            <param index="0">
              <value>
                <![CDATA[[TestResult name=testGoogleSearchNeg status=SUCCESS method=GoogleSearchTestAllure.testGoogleSearchNeg(java.lang.String,java.lang.String,java.lang.String)[pri:1, instance:com.webauto.test.GoogleSearchTestAllure@42e22a53] output={null}]]]>
              </value>
            </param>
          </params>
          <reporter-output>
          </reporter-output>
        </test-method> <!-- tearDown -->
        <test-method signature="testGoogleSearchNeg(java.lang.String,java.lang.String,java.lang.String)[pri:1, instance:com.webauto.test.GoogleSearchTestAllure@42e22a53]" started-at="2023-08-14T14:47:19 IST" name="testGoogleSearchNeg" data-provider="testData" finished-at="2023-08-14T14:47:24 IST" duration-ms="5099" status="PASS">
          <params>
            <param index="0">
              <value>
                <![CDATA[yuva]]>
              </value>
            </param>
            <param index="1">
              <value>
                <![CDATA[yuva]]>
              </value>
            </param>
            <param index="2">
              <value>
                <![CDATA[Automation Anywhere]]>
              </value>
            </param>
          </params>
          <reporter-output>
          </reporter-output>
        </test-method> <!-- testGoogleSearchNeg -->
        <test-method is-config="true" signature="tearDown(org.testng.ITestResult)[pri:0, instance:com.webauto.test.GoogleSearchTestAllure@42e22a53]" started-at="2023-08-14T14:47:24 IST" name="tearDown" finished-at="2023-08-14T14:47:24 IST" duration-ms="1" status="PASS">
          <params>
            <param index="0">
              <value>
                <![CDATA[[TestResult name=testGoogleSearchNeg status=SUCCESS method=GoogleSearchTestAllure.testGoogleSearchNeg(java.lang.String,java.lang.String,java.lang.String)[pri:1, instance:com.webauto.test.GoogleSearchTestAllure@42e22a53] output={null}]]]>
              </value>
            </param>
          </params>
          <reporter-output>
          </reporter-output>
        </test-method> <!-- tearDown -->
        <test-method signature="testGoogleSearchPos(java.lang.String,java.lang.String,java.lang.String)[pri:2, instance:com.webauto.test.GoogleSearchTestAllure@42e22a53]" started-at="2023-08-14T14:47:24 IST" name="testGoogleSearchPos" data-provider="testData" finished-at="2023-08-14T14:47:29 IST" duration-ms="4785" status="PASS">
          <params>
            <param index="0">
              <value>
                <![CDATA[raja]]>
              </value>
            </param>
            <param index="1">
              <value>
                <![CDATA[raja]]>
              </value>
            </param>
            <param index="2">
              <value>
                <![CDATA[Katalon Studio]]>
              </value>
            </param>
          </params>
          <reporter-output>
          </reporter-output>
        </test-method> <!-- testGoogleSearchPos -->
        <test-method is-config="true" signature="tearDown(org.testng.ITestResult)[pri:0, instance:com.webauto.test.GoogleSearchTestAllure@42e22a53]" started-at="2023-08-14T14:47:29 IST" name="tearDown" finished-at="2023-08-14T14:47:29 IST" duration-ms="1" status="PASS">
          <params>
            <param index="0">
              <value>
                <![CDATA[[TestResult name=testGoogleSearchPos status=SUCCESS method=GoogleSearchTestAllure.testGoogleSearchPos(java.lang.String,java.lang.String,java.lang.String)[pri:2, instance:com.webauto.test.GoogleSearchTestAllure@42e22a53] output={null}]]]>
              </value>
            </param>
          </params>
          <reporter-output>
          </reporter-output>
        </test-method> <!-- tearDown -->
        <test-method signature="testGoogleSearchPos(java.lang.String,java.lang.String,java.lang.String)[pri:2, instance:com.webauto.test.GoogleSearchTestAllure@42e22a53]" started-at="2023-08-14T14:47:29 IST" name="testGoogleSearchPos" data-provider="testData" finished-at="2023-08-14T14:47:36 IST" duration-ms="7038" status="PASS">
          <params>
            <param index="0">
              <value>
                <![CDATA[yuva]]>
              </value>
            </param>
            <param index="1">
              <value>
                <![CDATA[yuva]]>
              </value>
            </param>
            <param index="2">
              <value>
                <![CDATA[Automation Anywhere]]>
              </value>
            </param>
          </params>
          <reporter-output>
          </reporter-output>
        </test-method> <!-- testGoogleSearchPos -->
        <test-method is-config="true" signature="tearDown(org.testng.ITestResult)[pri:0, instance:com.webauto.test.GoogleSearchTestAllure@42e22a53]" started-at="2023-08-14T14:47:36 IST" name="tearDown" finished-at="2023-08-14T14:47:36 IST" duration-ms="1" status="PASS">
          <params>
            <param index="0">
              <value>
                <![CDATA[[TestResult name=testGoogleSearchPos status=SUCCESS method=GoogleSearchTestAllure.testGoogleSearchPos(java.lang.String,java.lang.String,java.lang.String)[pri:2, instance:com.webauto.test.GoogleSearchTestAllure@42e22a53] output={null}]]]>
              </value>
            </param>
          </params>
          <reporter-output>
          </reporter-output>
        </test-method> <!-- tearDown -->
        <test-method is-config="true" signature="tearDown()[pri:0, instance:com.webauto.test.GoogleSearchTestAllure@42e22a53]" started-at="2023-08-14T14:47:36 IST" name="tearDown" finished-at="2023-08-14T14:47:37 IST" duration-ms="233" status="PASS">
          <reporter-output>
          </reporter-output>
        </test-method> <!-- tearDown -->
      </class> <!-- com.webauto.test.GoogleSearchTestAllure -->
      <class name="com.webauto.test.GoogleSearchTest">
        <test-method is-config="true" signature="setUp()[pri:0, instance:com.webauto.test.GoogleSearchTest@1b005a0b]" started-at="2023-08-14T14:46:41 IST" name="setUp" finished-at="2023-08-14T14:46:44 IST" duration-ms="2806" status="PASS">
          <reporter-output>
          </reporter-output>
        </test-method> <!-- setUp -->
        <test-method signature="testGoogleSearchNeg(java.lang.String,java.lang.String,java.lang.String)[pri:1, instance:com.webauto.test.GoogleSearchTest@1b005a0b]" started-at="2023-08-14T14:46:44 IST" name="testGoogleSearchNeg" data-provider="testData" finished-at="2023-08-14T14:46:52 IST" duration-ms="8342" status="PASS">
          <params>
            <param index="0">
              <value>
                <![CDATA[raja]]>
              </value>
            </param>
            <param index="1">
              <value>
                <![CDATA[raja]]>
              </value>
            </param>
            <param index="2">
              <value>
                <![CDATA[Katalon Studio]]>
              </value>
            </param>
          </params>
          <reporter-output>
          </reporter-output>
        </test-method> <!-- testGoogleSearchNeg -->
        <test-method signature="testGoogleSearchNeg(java.lang.String,java.lang.String,java.lang.String)[pri:1, instance:com.webauto.test.GoogleSearchTest@1b005a0b]" started-at="2023-08-14T14:46:52 IST" name="testGoogleSearchNeg" data-provider="testData" finished-at="2023-08-14T14:46:59 IST" duration-ms="6113" status="PASS">
          <params>
            <param index="0">
              <value>
                <![CDATA[yuva]]>
              </value>
            </param>
            <param index="1">
              <value>
                <![CDATA[yuva]]>
              </value>
            </param>
            <param index="2">
              <value>
                <![CDATA[Automation Anywhere]]>
              </value>
            </param>
          </params>
          <reporter-output>
          </reporter-output>
        </test-method> <!-- testGoogleSearchNeg -->
        <test-method signature="testGoogleSearchPos(java.lang.String,java.lang.String,java.lang.String)[pri:2, instance:com.webauto.test.GoogleSearchTest@1b005a0b]" started-at="2023-08-14T14:46:59 IST" name="testGoogleSearchPos" data-provider="testData" finished-at="2023-08-14T14:47:02 IST" duration-ms="3358" status="PASS">
          <params>
            <param index="0">
              <value>
                <![CDATA[raja]]>
              </value>
            </param>
            <param index="1">
              <value>
                <![CDATA[raja]]>
              </value>
            </param>
            <param index="2">
              <value>
                <![CDATA[Katalon Studio]]>
              </value>
            </param>
          </params>
          <reporter-output>
          </reporter-output>
        </test-method> <!-- testGoogleSearchPos -->
        <test-method signature="testGoogleSearchPos(java.lang.String,java.lang.String,java.lang.String)[pri:2, instance:com.webauto.test.GoogleSearchTest@1b005a0b]" started-at="2023-08-14T14:47:02 IST" name="testGoogleSearchPos" data-provider="testData" finished-at="2023-08-14T14:47:07 IST" duration-ms="5487" status="PASS">
          <params>
            <param index="0">
              <value>
                <![CDATA[yuva]]>
              </value>
            </param>
            <param index="1">
              <value>
                <![CDATA[yuva]]>
              </value>
            </param>
            <param index="2">
              <value>
                <![CDATA[Automation Anywhere]]>
              </value>
            </param>
          </params>
          <reporter-output>
          </reporter-output>
        </test-method> <!-- testGoogleSearchPos -->
        <test-method is-config="true" signature="tearDown()[pri:0, instance:com.webauto.test.GoogleSearchTest@1b005a0b]" started-at="2023-08-14T14:47:07 IST" name="tearDown" finished-at="2023-08-14T14:47:08 IST" duration-ms="557" status="PASS">
          <reporter-output>
          </reporter-output>
        </test-method> <!-- tearDown -->
      </class> <!-- com.webauto.test.GoogleSearchTest -->
    </test> <!-- Test -->
  </suite> <!-- Suite -->
</testng-results>
