<?xml version="1.0" encoding="UTF-8"?>
<testng-results ignored="0" total="2" passed="2" failed="0" skipped="0">
  <reporter-output>
  </reporter-output>
  <suite started-at="2023-08-07T17:13:48 IST" name="com.webauto.test.GoogleSearchTest" finished-at="2023-08-07T17:14:12 IST" duration-ms="23851">
    <groups>
    </groups>
    <test started-at="2023-08-07T17:13:48 IST" name="Command line test" finished-at="2023-08-07T17:14:12 IST" duration-ms="23851">
      <class name="com.webauto.test.GoogleSearchTest">
        <test-method is-config="true" signature="setUp()[pri:0, instance:com.webauto.test.GoogleSearchTest@5e3f861]" started-at="2023-08-07T17:13:48 IST" name="setUp" finished-at="2023-08-07T17:13:52 IST" duration-ms="3582" status="PASS">
          <reporter-output>
          </reporter-output>
        </test-method> <!-- setUp -->
        <test-method signature="testGoogleSearchNeg(java.lang.String,java.lang.String,java.lang.String)[pri:1, instance:com.webauto.test.GoogleSearchTest@5e3f861]" started-at="2023-08-07T17:13:54 IST" name="testGoogleSearchNeg" data-provider="testData" finished-at="2023-08-07T17:14:04 IST" duration-ms="9805" status="PASS">
          <params>
            <param index="0">
              <value>
                <![CDATA[raja]]>
              </value>
            </param>
            <param index="1">
              <value>
                <![CDATA[raja]]>
              </value>
            </param>
            <param index="2">
              <value>
                <![CDATA[Katalon Studio]]>
              </value>
            </param>
          </params>
          <reporter-output>
          </reporter-output>
        </test-method> <!-- testGoogleSearchNeg -->
        <test-method signature="testGoogleSearchPos(java.lang.String,java.lang.String,java.lang.String)[pri:2, instance:com.webauto.test.GoogleSearchTest@5e3f861]" started-at="2023-08-07T17:14:04 IST" name="testGoogleSearchPos" data-provider="testData" finished-at="2023-08-07T17:14:11 IST" duration-ms="7132" status="PASS">
          <params>
            <param index="0">
              <value>
                <![CDATA[raja]]>
              </value>
            </param>
            <param index="1">
              <value>
                <![CDATA[raja]]>
              </value>
            </param>
            <param index="2">
              <value>
                <![CDATA[Katalon Studio]]>
              </value>
            </param>
          </params>
          <reporter-output>
          </reporter-output>
        </test-method> <!-- testGoogleSearchPos -->
        <test-method is-config="true" signature="tearDown()[pri:0, instance:com.webauto.test.GoogleSearchTest@5e3f861]" started-at="2023-08-07T17:14:11 IST" name="tearDown" finished-at="2023-08-07T17:14:12 IST" duration-ms="707" status="PASS">
          <reporter-output>
          </reporter-output>
        </test-method> <!-- tearDown -->
      </class> <!-- com.webauto.test.GoogleSearchTest -->
    </test> <!-- Command line test -->
  </suite> <!-- com.webauto.test.GoogleSearchTest -->
</testng-results>
