<?xml version="1.0" encoding="UTF-8"?>
<testsuite xmlns:xsi="http://www.w3.org/2001/XMLSchema-instance" xsi:noNamespaceSchemaLocation="https://maven.apache.org/surefire/maven-surefire-plugin/xsd/surefire-test-report-3.0.xsd" version="3.0" name="com.webauto.test.GoogleSearchTest" time="38.151" tests="4" errors="0" skipped="0" failures="0">
  <properties>
[...]
</properties>
  <testcase name="testGoogleSearchNeg[raja, raja, Katalon Studio](1)" classname="com.webauto.test.GoogleSearchTest" time="11.459">
    <system-out><![CDATA[TestMethodName: Search_1
Value from search text: Katalon Studio
Katalon Studio - Google Search
]]></system-out>
    <system-err><![CDATA[SLF4J: Failed to load class "org.slf4j.impl.StaticLoggerBinder".
SLF4J: Defaulting to no-operation (NOP) logger implementation
SLF4J: See http://www.slf4j.org/codes.html#StaticLoggerBinder for further details.
Starting ChromeDriver 115.0.5790.170 (cc0d30c2ca5577520c8646671513241faa0bc105-refs/branch-heads/5790@{#1923}) on port 23777
Only local connections are allowed.
Please see https://chromedriver.chromium.org/security-considerations for suggestions on keeping ChromeDriver safe.
ChromeDriver was started successfully.
Aug 10, 2023 2:40:47 AM org.openqa.selenium.remote.ProtocolHandshake createSession
INFO: Detected dialect: W3C
]]></system-err>
  </testcase>
  <testcase name="testGoogleSearchNeg[yuva, yuva, Automation Anywhere](2)" classname="com.webauto.test.GoogleSearchTest" time="8.632">
    <system-out><![CDATA[Intelligent Automation and Process Intelligence | Automation Anywhere Platform
]]></system-out>
  </testcase>
  <testcase name="testGoogleSearchPos[raja, raja, Katalon Studio](1)" classname="com.webauto.test.GoogleSearchTest" time="3.454">
    <system-out><![CDATA[Katalon Studio - Google Search
]]></system-out>
  </testcase>
  <testcase name="testGoogleSearchPos[yuva, yuva, Automation Anywhere](2)" classname="com.webauto.test.GoogleSearchTest" time="8.576">
    <system-out><![CDATA[Intelligent Automation and Process Intelligence | Automation Anywhere Platform
]]></system-out>
  </testcase>
</testsuite>