<?xml version="1.0" encoding="UTF-8"?>
<testng-results ignored="0" total="4" passed="4" failed="0" skipped="0">
  <reporter-output>
  </reporter-output>
  <suite started-at="2023-08-07T17:24:38 IST" name="Suite" finished-at="2023-08-07T17:25:10 IST" duration-ms="32149">
    <groups>
    </groups>
    <test started-at="2023-08-07T17:24:38 IST" name="Test" finished-at="2023-08-07T17:25:10 IST" duration-ms="32149">
      <class name="com.webauto.test.GoogleSearchTestAllure">
        <test-method is-config="true" signature="setUp()[pri:0, instance:com.webauto.test.GoogleSearchTestAllure@31add175]" started-at="2023-08-07T17:24:54 IST" name="setUp" finished-at="2023-08-07T17:24:56 IST" duration-ms="2040" status="PASS">
          <reporter-output>
          </reporter-output>
        </test-method> <!-- setUp -->
        <test-method signature="testGoogleSearchNeg(java.lang.String,java.lang.String,java.lang.String)[pri:1, instance:com.webauto.test.GoogleSearchTestAllure@31add175]" started-at="2023-08-07T17:24:56 IST" name="testGoogleSearchNeg" data-provider="testData" finished-at="2023-08-07T17:25:05 IST" duration-ms="8970" status="PASS">
          <params>
            <param index="0">
              <value>
                <![CDATA[raja]]>
              </value>
            </param>
            <param index="1">
              <value>
                <![CDATA[raja]]>
              </value>
            </param>
            <param index="2">
              <value>
                <![CDATA[Katalon Studio]]>
              </value>
            </param>
          </params>
          <reporter-output>
          </reporter-output>
        </test-method> <!-- testGoogleSearchNeg -->
        <test-method is-config="true" signature="tearDown(org.testng.ITestResult)[pri:0, instance:com.webauto.test.GoogleSearchTestAllure@31add175]" started-at="2023-08-07T17:25:05 IST" name="tearDown" finished-at="2023-08-07T17:25:05 IST" duration-ms="4" status="PASS">
          <params>
            <param index="0">
              <value>
                <![CDATA[[TestResult name=testGoogleSearchNeg status=SUCCESS method=GoogleSearchTestAllure.testGoogleSearchNeg(java.lang.String,java.lang.String,java.lang.String)[pri:1, instance:com.webauto.test.GoogleSearchTestAllure@31add175] output={null}]]]>
              </value>
            </param>
          </params>
          <reporter-output>
          </reporter-output>
        </test-method> <!-- tearDown -->
        <test-method signature="testGoogleSearchPos(java.lang.String,java.lang.String,java.lang.String)[pri:2, instance:com.webauto.test.GoogleSearchTestAllure@31add175]" started-at="2023-08-07T17:25:05 IST" name="testGoogleSearchPos" data-provider="testData" finished-at="2023-08-07T17:25:10 IST" duration-ms="4628" status="PASS">
          <params>
            <param index="0">
              <value>
                <![CDATA[raja]]>
              </value>
            </param>
            <param index="1">
              <value>
                <![CDATA[raja]]>
              </value>
            </param>
            <param index="2">
              <value>
                <![CDATA[Katalon Studio]]>
              </value>
            </param>
          </params>
          <reporter-output>
          </reporter-output>
        </test-method> <!-- testGoogleSearchPos -->
        <test-method is-config="true" signature="tearDown(org.testng.ITestResult)[pri:0, instance:com.webauto.test.GoogleSearchTestAllure@31add175]" started-at="2023-08-07T17:25:10 IST" name="tearDown" finished-at="2023-08-07T17:25:10 IST" duration-ms="0" status="PASS">
          <params>
            <param index="0">
              <value>
                <![CDATA[[TestResult name=testGoogleSearchPos status=SUCCESS method=GoogleSearchTestAllure.testGoogleSearchPos(java.lang.String,java.lang.String,java.lang.String)[pri:2, instance:com.webauto.test.GoogleSearchTestAllure@31add175] output={null}]]]>
              </value>
            </param>
          </params>
          <reporter-output>
          </reporter-output>
        </test-method> <!-- tearDown -->
        <test-method is-config="true" signature="tearDown()[pri:0, instance:com.webauto.test.GoogleSearchTestAllure@31add175]" started-at="2023-08-07T17:25:10 IST" name="tearDown" finished-at="2023-08-07T17:25:10 IST" duration-ms="178" status="PASS">
          <reporter-output>
          </reporter-output>
        </test-method> <!-- tearDown -->
      </class> <!-- com.webauto.test.GoogleSearchTestAllure -->
      <class name="com.webauto.test.GoogleSearchTest">
        <test-method is-config="true" signature="setUp()[pri:0, instance:com.webauto.test.GoogleSearchTest@51133c06]" started-at="2023-08-07T17:24:38 IST" name="setUp" finished-at="2023-08-07T17:24:41 IST" duration-ms="2927" status="PASS">
          <reporter-output>
          </reporter-output>
        </test-method> <!-- setUp -->
        <test-method signature="testGoogleSearchNeg(java.lang.String,java.lang.String,java.lang.String)[pri:1, instance:com.webauto.test.GoogleSearchTest@51133c06]" started-at="2023-08-07T17:24:43 IST" name="testGoogleSearchNeg" data-provider="testData" finished-at="2023-08-07T17:24:50 IST" duration-ms="6538" status="PASS">
          <params>
            <param index="0">
              <value>
                <![CDATA[raja]]>
              </value>
            </param>
            <param index="1">
              <value>
                <![CDATA[raja]]>
              </value>
            </param>
            <param index="2">
              <value>
                <![CDATA[Katalon Studio]]>
              </value>
            </param>
          </params>
          <reporter-output>
          </reporter-output>
        </test-method> <!-- testGoogleSearchNeg -->
        <test-method signature="testGoogleSearchPos(java.lang.String,java.lang.String,java.lang.String)[pri:2, instance:com.webauto.test.GoogleSearchTest@51133c06]" started-at="2023-08-07T17:24:50 IST" name="testGoogleSearchPos" data-provider="testData" finished-at="2023-08-07T17:24:54 IST" duration-ms="3769" status="PASS">
          <params>
            <param index="0">
              <value>
                <![CDATA[raja]]>
              </value>
            </param>
            <param index="1">
              <value>
                <![CDATA[raja]]>
              </value>
            </param>
            <param index="2">
              <value>
                <![CDATA[Katalon Studio]]>
              </value>
            </param>
          </params>
          <reporter-output>
          </reporter-output>
        </test-method> <!-- testGoogleSearchPos -->
        <test-method is-config="true" signature="tearDown()[pri:0, instance:com.webauto.test.GoogleSearchTest@51133c06]" started-at="2023-08-07T17:24:54 IST" name="tearDown" finished-at="2023-08-07T17:24:54 IST" duration-ms="649" status="PASS">
          <reporter-output>
          </reporter-output>
        </test-method> <!-- tearDown -->
      </class> <!-- com.webauto.test.GoogleSearchTest -->
    </test> <!-- Test -->
  </suite> <!-- Suite -->
</testng-results>
